<?xml version="1.0" encoding="UTF-8"?>
<testsuite name="hello.HelloTest" tests="2" skipped="0" failures="0" errors="0" timestamp="2015-06-16T12:38:10" hostname="TC405-114-09.insa-lyon.fr" time="0.122">
  <properties/>
  <testcase name="check_null" classname="hello.HelloTest" time="0.117"/>
  <testcase name="check" classname="hello.HelloTest" time="0.005"/>
  <system-out><![CDATA[]]></system-out>
  <system-err><![CDATA[]]></system-err>
</testsuite>
